Arguments: 
  /usr/local/bin/node /usr/share/yarn/bin/yarn.js add react-awsome-modal

PATH: 
  /usr/local/sbin:/usr/local/bin:/usr/sbin:/usr/bin:/sbin:/bin:/snap/bin

Yarn version: 
  1.5.1

Node version: 
  9.7.1

Platform: 
  linux x64

npm manifest: 
  {
    "name": "real-time-chat",
    "version": "0.0.1",
    "description": "",
    "main": "index.js",
    "scripts": {
      "dev": "node server.js",
      "build": "next build",
      "start": "NODE_ENV=production node server.js",
      "mon": "nodemon server.js",
      "test": "standard && node server.js"
    },
    "keywords": [],
    "author": "",
    "license": "ISC",
    "dependencies": {
      "body-parser": "^1.18.2",
      "cors": "^2.8.4",
      "express": "^4.16.3",
      "next": "^5.0.0",
      "react": "^16.2.0",
      "react-dom": "^16.2.0",
      "react-grid-system": "^3.1.2",
      "socket.io": "^2.0.4",
      "socket.io-client": "^2.0.4",
      "standard": "^11.0.1"
    },
    "devDependencies": {
      "nodemon": "^1.17.2"
    }
  }

yarn manifest: 
  No manifest

Lockfile: 
  No lockfile

Trace: 
  Error: Couldn't find package "react-awsome-modal" on the "npm" registry.
      at new MessageError (/usr/share/yarn/lib/cli.js:186:110)
      at NpmResolver.<anonymous> (/usr/share/yarn/lib/cli.js:51625:15)
      at Generator.next (<anonymous>)
      at step (/usr/share/yarn/lib/cli.js:98:30)
      at /usr/share/yarn/lib/cli.js:109:13
      at <anonymous>
      at process._tickCallback (internal/process/next_tick.js:118:7)
